[BQ-PYTHON-SDK][WARNING] - Beta version 0.18.3b1 of BlueQubit Python SDK is being used.
Monitoring 17 jobs. Will check every 5 minutes.
Press Ctrl+C to stop.

[21:32:08] pending=12 running=3 done=4
[21:38:46] pending=12 running=3 done=4
[21:44:03] pending=12 running=3 done=4
[21:51:38] pending=12 running=3 done=4
[21:58:20] pending=12 running=3 done=4
[22:09:28] pending=12 running=3 done=4
[22:15:25] pending=12 running=3 done=4
[22:20:52] pending=12 running=3 done=4
[22:26:09] pending=12 running=3 done=4
[22:32:00] pending=12 running=3 done=4
[22:37:36] pending=12 running=3 done=4
[22:42:49] pending=12 running=3 done=4
[22:48:00] pending=12 running=3 done=4
[22:53:12] pending=12 running=3 done=4
[22:58:23] pending=12 running=3 done=4
[23:03:35] pending=12 running=3 done=4
[23:08:46] pending=12 running=3 done=4
[23:14:00] pending=12 running=3 done=4
[23:19:11] pending=12 running=3 done=4
[23:24:23] pending=12 running=3 done=4
[23:29:35] pending=12 running=3 done=4
[23:34:48] pending=12 running=3 done=4
[23:39:58] pending=12 running=3 done=4
[23:45:09] pending=12 running=3 done=4
[23:50:21] pending=12 running=3 done=4
[23:55:32] pending=12 running=3 done=4
[00:00:42] pending=12 running=3 done=4
[00:05:54] pending=12 running=3 done=4
[00:11:04] pending=12 running=3 done=4
[00:16:16] pending=11 running=3 done=6
[00:21:29] pending=11 running=3 done=6
[00:26:39] pending=11 running=3 done=6
[00:31:52] pending=11 running=3 done=6
[00:37:04] pending=11 running=3 done=6
[00:42:16] pending=11 running=3 done=6
[00:47:27] pending=11 running=3 done=6
[00:52:39] pending=11 running=3 done=6
[00:57:51] pending=11 running=3 done=6
[01:03:02] pending=11 running=3 done=6
[01:08:13] pending=11 running=3 done=6
[01:13:25] pending=11 running=3 done=6
[01:18:36] pending=11 running=3 done=6
[01:23:47] pending=11 running=3 done=6
[01:29:06] pending=11 running=3 done=6
[01:34:22] pending=11 running=3 done=6
[01:39:33] pending=11 running=3 done=6
[01:44:44] pending=10 running=3 done=7
[01:49:56] pending=10 running=3 done=7
[01:55:08] pending=10 running=3 done=7
[02:00:23] pending=10 running=3 done=7
[02:05:36] pending=10 running=3 done=7
[02:10:50] pending=10 running=3 done=7
[02:16:03] pending=10 running=3 done=7
[02:21:16] pending=10 running=3 done=7
[02:26:29] pending=10 running=3 done=7
[02:31:42] pending=10 running=3 done=7
[02:36:55] pending=10 running=3 done=7
[02:42:24] pending=10 running=3 done=7
[02:47:38] pending=10 running=3 done=7
[02:52:53] pending=9 running=3 done=9
[02:58:22] pending=9 running=3 done=9
[03:03:37] pending=9 running=3 done=9
[03:08:51] pending=9 running=3 done=9
[03:14:06] pending=9 running=3 done=9
[03:19:21] pending=9 running=3 done=9
[03:24:37] pending=9 running=3 done=9
[03:29:51] pending=9 running=3 done=9
[03:35:05] pending=9 running=3 done=9
[03:40:20] pending=9 running=3 done=9
[03:45:34] pending=9 running=3 done=9
[03:50:48] pending=9 running=3 done=9
[03:56:02] pending=9 running=3 done=9
[04:01:16] pending=9 running=3 done=9
[04:06:32] pending=9 running=3 done=9
[04:11:45] pending=9 running=3 done=9
[04:16:59] pending=9 running=3 done=9
[04:22:13] pending=9 running=3 done=9
[04:27:28] pending=9 running=3 done=9
[04:32:42] pending=9 running=3 done=9
[04:37:57] pending=9 running=3 done=9
[04:43:11] pending=9 running=3 done=9
[04:48:25] pending=9 running=3 done=9
[04:53:40] pending=9 running=3 done=9
[04:58:54] pending=9 running=3 done=9
[05:04:09] pending=9 running=3 done=9
[05:09:27] pending=9 running=3 done=9
[05:14:42] pending=9 running=3 done=9
[05:19:56] pending=9 running=3 done=9
[05:25:12] pending=9 running=3 done=9
[05:30:26] pending=9 running=3 done=9
[05:35:41] pending=9 running=3 done=9
[05:40:56] pending=9 running=3 done=9
[05:46:10] pending=9 running=3 done=9
[05:51:24] pending=9 running=3 done=9
[05:56:37] pending=9 running=3 done=9
[06:01:51] pending=9 running=3 done=9
[06:07:06] pending=9 running=3 done=9
[06:12:20] pending=9 running=3 done=9
[06:17:34] pending=9 running=3 done=9
[06:23:04] pending=9 running=3 done=9
[06:28:18] pending=9 running=3 done=9
[06:33:33] pending=9 running=3 done=9
[06:38:47] pending=9 running=3 done=9
[06:44:03] pending=9 running=3 done=9
[06:49:17] pending=9 running=3 done=9
[06:54:32] pending=9 running=3 done=9
[06:59:47] pending=9 running=3 done=9
[07:05:01] pending=9 running=3 done=9
[07:10:15] pending=9 running=3 done=9
[07:15:29] pending=9 running=3 done=9
[07:20:43] pending=9 running=3 done=9
[07:25:58] pending=9 running=3 done=9
[07:31:12] pending=9 running=3 done=9
[07:36:27] pending=9 running=3 done=9
[07:41:42] pending=9 running=3 done=9
[07:46:59] pending=9 running=3 done=9
[07:52:15] pending=9 running=3 done=9
[07:57:53] pending=9 running=3 done=9
[08:03:07] pending=9 running=3 done=9
[08:08:21] pending=9 running=3 done=9
[08:13:36] pending=9 running=3 done=9
[08:18:50] pending=9 running=3 done=9
[08:24:05] pending=9 running=3 done=9
[08:29:21] pending=9 running=3 done=9
[08:34:36] pending=9 running=3 done=9
[08:39:54] pending=9 running=3 done=9
[08:45:13] pending=9 running=3 done=9
[08:50:29] pending=9 running=3 done=9
[08:55:44] pending=9 running=3 done=9
[09:00:58] pending=9 running=3 done=9
[09:06:12] pending=9 running=3 done=9
[09:11:27] pending=9 running=3 done=9
[09:16:43] pending=9 running=3 done=9
[09:22:00] pending=9 running=3 done=9
[09:27:20] pending=9 running=3 done=9
[09:32:35] pending=9 running=3 done=9
[BQ-PYTHON-SDK][WARNING] - Retrying. Num retries 1. RequestException: ('Connection aborted.', RemoteDisconnected('Remote end closed connection without response')).
[BQ-PYTHON-SDK][WARNING] - Retrying. Num retries 2. RequestException: ('Connection aborted.', RemoteDisconnected('Remote end closed connection without response')).
[09:3[BQ-PYTHON-SDK][WARNING] - Retryi[09:45:22] pending=9 running=3 done=9
[09:50:38] pending=9 running=3 done=9
[09:55:53] pending=9 running=3 done=9
[10:01:10] pending=9 running=3 done=9
running=0 done=9
[09:45:42] pending=8 running=0 done=9
[09:50:54] pending=8 running=0 done=9
[09:56:07] pending=8 running=0 done=9
[10:01:22] pending=8 running=0 done=9
